Dataset/Injected-Faults/OpenScale/openScale-Defeito-2/android_app/app/build/intermediates/manifest_merge_blame_file/debug/manifest-merger-blame-debug-report.txt
1<?xml version="1.0" encoding="utf-8"?>
2<manifest xmlns:android="http://schemas.android.com/apk/res/android"
3    package="com.health.openscale"
4    android:versionCode="54"
5    android:versionName="2.3.5" >
6
7    <uses-sdk
8        android:minSdkVersion="21"
8-->src/main/AndroidManifest.xml
9        android:targetSdkVersion="29" />
9-->src/main/AndroidManifest.xml
10
11    <uses-permission android:name="android.permission.BLUETOOTH" />
11-->src/main/AndroidManifest.xml:5:5-67
11-->src/main/AndroidManifest.xml:5:22-65
12    <uses-permission android:name="android.permission.BLUETOOTH_ADMIN" />
12-->src/main/AndroidManifest.xml:6:5-73
12-->src/main/AndroidManifest.xml:6:22-71
13    <uses-permission android:name="android.permission.WRITE_EXTERNAL_STORAGE" />
13-->src/main/AndroidManifest.xml:7:5-80
13-->src/main/AndroidManifest.xml:7:22-78
14    <uses-permission android:name="android.permission.READ_EXTERNAL_STORAGE" />
14-->src/main/AndroidManifest.xml:8:5-79
14-->src/main/AndroidManifest.xml:8:22-77
15    <uses-permission android:name="android.permission.RECEIVE_BOOT_COMPLETED" />
15-->src/main/AndroidManifest.xml:9:5-80
15-->src/main/AndroidManifest.xml:9:22-78
16    <uses-permission android:name="android.permission.ACCESS_FINE_LOCATION" />
16-->src/main/AndroidManifest.xml:10:5-78
16-->src/main/AndroidManifest.xml:10:22-76
17    <uses-permission android:name="android.permission.ACCESS_WIFI_STATE" />
17-->src/main/AndroidManifest.xml:11:5-75
17-->src/main/AndroidManifest.xml:11:22-73
18    <uses-permission android:name="android.permission.ACCESS_NETWORK_STATE" />
18-->src/main/AndroidManifest.xml:12:5-78
18-->src/main/AndroidManifest.xml:12:22-76
19    <uses-permission android:name="android.permission.WAKE_LOCK" />
19-->src/main/AndroidManifest.xml:13:5-67
19-->src/main/AndroidManifest.xml:13:22-65
20
21    <!--
22         Permission to allow read of data from the database through a ContentProvider.
23         Marked "dangerous" so that explicit user approval is required to read this data, not
24         just the permission implied from installing the app from the Play Store.
25    -->
26    <permission
27        android:name="com.health.openscale.READ_WRITE_DATA"
27-->src/main/AndroidManifest.xml:19:9-56
28        android:description="@string/permission_read_write_data_description"
28-->src/main/AndroidManifest.xml:20:9-77
29        android:label="@string/permission_read_write_data_label"
29-->src/main/AndroidManifest.xml:21:9-65
30        android:protectionLevel="dangerous" />
30-->src/main/AndroidManifest.xml:22:9-44
31
32    <uses-feature
32-->src/main/AndroidManifest.xml:24:5-90
33        android:name="android.hardware.bluetooth_le"
33-->src/main/AndroidManifest.xml:24:19-63
34        android:required="false" />
34-->src/main/AndroidManifest.xml:24:64-88
35
36    <application
37        android:name="com.health.openscale.core.Application"
37-->src/main/AndroidManifest.xml:32:9-41
38        android:allowBackup="true"
38-->src/main/AndroidManifest.xml:27:9-35
39        android:appComponentFactory="androidx.core.app.CoreComponentFactory"
39-->[androidx.core:core:1.3.1] AndroidManifest.xml:24:18-86
40        android:debuggable="true"
41        android:icon="@drawable/ic_launcher_openscale"
41-->src/main/AndroidManifest.xml:29:9-34
42        android:label="@string/app_name"
42-->src/main/AndroidManifest.xml:31:9-41
43        android:requestLegacyExternalStorage="true"
43-->src/main/AndroidManifest.xml:28:9-52
44        android:roundIcon="@mipmap/ic_launcher_openscale_round"
44-->src/main/AndroidManifest.xml:30:9-44
45        android:theme="@style/AppTheme" >
45-->src/main/AndroidManifest.xml:33:9-40
46        <activity
46-->src/main/AndroidManifest.xml:34:9-43:20
47            android:name="com.health.openscale.gui.MainActivity"
47-->src/main/AndroidManifest.xml:35:13-45
48            android:label="@string/app_name"
48-->src/main/AndroidManifest.xml:36:13-45
49            android:theme="@style/AppTheme.NoActionBar" >
49-->src/main/AndroidManifest.xml:37:13-56
50            <intent-filter>
50-->src/main/AndroidManifest.xml:38:13-42:29
51                <action android:name="android.intent.action.MAIN" />
51-->src/main/AndroidManifest.xml:39:17-69
51-->src/main/AndroidManifest.xml:39:25-66
52
53                <category android:name="android.intent.category.LAUNCHER" />
53-->src/main/AndroidManifest.xml:41:17-77
53-->src/main/AndroidManifest.xml:41:27-74
54            </intent-filter>
55        </activity>
56        <activity
56-->src/main/AndroidManifest.xml:44:9-108
57            android:name="com.health.openscale.gui.slides.AppIntroActivity"
57-->src/main/AndroidManifest.xml:44:19-62
58            android:theme="@style/AppTheme.NoActionBar" />
58-->src/main/AndroidManifest.xml:44:63-106
59        <activity
59-->src/main/AndroidManifest.xml:45:9-116
60            android:name="com.health.openscale.gui.slides.SlideToNavigationAdapter"
60-->src/main/AndroidManifest.xml:45:19-70
61            android:theme="@style/AppTheme.NoActionBar" />
61-->src/main/AndroidManifest.xml:45:71-114
62
63        <receiver
63-->src/main/AndroidManifest.xml:47:9-51:20
64            android:name="com.health.openscale.core.alarm.ReminderBootReceiver"
64-->src/main/AndroidManifest.xml:47:19-66
65            android:enabled="false" >
65-->src/main/AndroidManifest.xml:47:67-90
66            <intent-filter>
66-->src/main/AndroidManifest.xml:48:13-50:29
67                <action android:name="android.intent.action.BOOT_COMPLETED" />
67-->src/main/AndroidManifest.xml:49:17-78
67-->src/main/AndroidManifest.xml:49:25-76
68            </intent-filter>
69        </receiver>
70        <receiver android:name="com.health.openscale.gui.widget.WidgetProvider" >
70-->src/main/AndroidManifest.xml:53:9-59:20
70-->src/main/AndroidManifest.xml:53:19-60
71            <intent-filter>
71-->src/main/AndroidManifest.xml:54:13-56:29
72                <action android:name="android.appwidget.action.APPWIDGET_UPDATE" />
72-->src/main/AndroidManifest.xml:55:17-84
72-->src/main/AndroidManifest.xml:55:25-81
73            </intent-filter>
74
75            <meta-data
75-->src/main/AndroidManifest.xml:57:13-58:55
76                android:name="android.appwidget.provider"
76-->src/main/AndroidManifest.xml:57:24-65
77                android:resource="@xml/widget_info" />
77-->src/main/AndroidManifest.xml:58:17-52
78        </receiver>
79
80        <activity android:name="com.health.openscale.gui.widget.WidgetConfigure" >
80-->src/main/AndroidManifest.xml:61:9-65:20
80-->src/main/AndroidManifest.xml:61:19-61
81            <intent-filter>
81-->src/main/AndroidManifest.xml:62:13-64:29
82                <action android:name="android.appwidget.action.APPWIDGET_CONFIGURE" />
82-->src/main/AndroidManifest.xml:63:17-86
82-->src/main/AndroidManifest.xml:63:25-84
83            </intent-filter>
84        </activity>
85
86        <provider
87            android:name="androidx.core.content.FileProvider"
87-->src/main/AndroidManifest.xml:68:13-62
88            android:authorities="com.health.openscale.fileprovider"
88-->src/main/AndroidManifest.xml:69:13-64
89            android:exported="false"
89-->src/main/AndroidManifest.xml:71:13-37
90            android:grantUriPermissions="true" >
90-->src/main/AndroidManifest.xml:70:13-47
91            <meta-data
91-->src/main/AndroidManifest.xml:72:13-74:63
92                android:name="android.support.FILE_PROVIDER_PATHS"
92-->src/main/AndroidManifest.xml:73:17-67
93                android:resource="@xml/file_provider_paths" />
93-->src/main/AndroidManifest.xml:74:17-60
94        </provider>
95        <provider
96            android:name="com.health.openscale.core.database.ScaleDatabaseProvider"
96-->src/main/AndroidManifest.xml:77:13-64
97            android:authorities="com.health.openscale.provider"
97-->src/main/AndroidManifest.xml:78:13-60
98            android:enabled="true"
98-->src/main/AndroidManifest.xml:79:13-35
99            android:exported="true"
99-->src/main/AndroidManifest.xml:80:13-36
100            android:permission="com.health.openscale.READ_WRITE_DATA" >
100-->src/main/AndroidManifest.xml:81:13-66
101        </provider>
102
103        <activity
103-->[cat.ereza:customactivityoncrash:2.3.0] AndroidManifest.xml:12:9-14:49
104            android:name="cat.ereza.customactivityoncrash.activity.DefaultErrorActivity"
104-->[cat.ereza:customactivityoncrash:2.3.0] AndroidManifest.xml:13:13-89
105            android:process=":error_activity" />
105-->[cat.ereza:customactivityoncrash:2.3.0] AndroidManifest.xml:14:13-46
106
107        <provider
107-->[cat.ereza:customactivityoncrash:2.3.0] AndroidManifest.xml:16:9-20:39
108            android:name="cat.ereza.customactivityoncrash.provider.CaocInitProvider"
108-->[cat.ereza:customactivityoncrash:2.3.0] AndroidManifest.xml:17:13-85
109            android:authorities="com.health.openscale.customactivityoncrashinitprovider"
109-->[cat.ereza:customactivityoncrash:2.3.0] AndroidManifest.xml:18:13-85
110            android:exported="false"
110-->[cat.ereza:customactivityoncrash:2.3.0] AndroidManifest.xml:19:13-37
111            android:initOrder="101" />
111-->[cat.ereza:customactivityoncrash:2.3.0] AndroidManifest.xml:20:13-36
112
113        <service
113-->[androidx.room:room-runtime:2.2.5] AndroidManifest.xml:25:9-28:40
114            android:name="androidx.room.MultiInstanceInvalidationService"
114-->[androidx.room:room-runtime:2.2.5] AndroidManifest.xml:26:13-74
115            android:directBootAware="true"
115-->[androidx.room:room-runtime:2.2.5] AndroidManifest.xml:27:13-43
116            android:exported="false" />
116-->[androidx.room:room-runtime:2.2.5] AndroidManifest.xml:28:13-37
117
118        <provider
118-->[androidx.lifecycle:lifecycle-process:2.0.0] AndroidManifest.xml:23:9-27:43
119            android:name="androidx.lifecycle.ProcessLifecycleOwnerInitializer"
119-->[androidx.lifecycle:lifecycle-process:2.0.0] AndroidManifest.xml:24:13-79
120            android:authorities="com.health.openscale.lifecycle-process"
120-->[androidx.lifecycle:lifecycle-process:2.0.0] AndroidManifest.xml:25:13-69
121            android:exported="false"
121-->[androidx.lifecycle:lifecycle-process:2.0.0] AndroidManifest.xml:26:13-37
122            android:multiprocess="true" />
122-->[androidx.lifecycle:lifecycle-process:2.0.0] AndroidManifest.xml:27:13-40
123    </application>
124
125</manifest>